\BOOKMARK [1][-]{section.1}{\376\377\145\160\133\146}{}% 1
\BOOKMARK [2][-]{subsection.1.1}{\376\377\175\040\145\160}{section.1}% 2
\BOOKMARK [2][-]{subsection.1.2}{Pollard\040Rho}{section.1}% 3
\BOOKMARK [2][-]{subsection.1.3}{\376\377\153\047\142\311\121\375\145\160}{section.1}% 4
\BOOKMARK [2][-]{subsection.1.4}{\376\377\176\277\140\047\173\133}{section.1}% 5
\BOOKMARK [2][-]{subsection.1.5}{\376\377\142\323\134\125\153\047\121\340\221\314\137\227\173\227\154\325}{section.1}% 6
\BOOKMARK [2][-]{subsection.1.6}{\376\377\203\253\153\324\116\114\145\257\123\315\157\024}{section.1}% 7
\BOOKMARK [2][-]{subsection.1.7}{\376\377\147\134\145\131\173\133}{section.1}% 8
\BOOKMARK [2][-]{subsection.1.8}{\376\377\000M\000i\000n\000\137\0002\0005\000\040\173\133}{section.1}% 9
\BOOKMARK [2][-]{subsection.1.9}{\376\377\174\173\153\047\121\340\221\314\137\267\173\227\154\325}{section.1}% 10
\BOOKMARK [2][-]{subsection.1.10}{\376\377\116\055\126\375\122\151\117\131\133\232\164\006}{section.1}% 11
\BOOKMARK [2][-]{subsection.1.11}{\376\377\123\237\150\071}{section.1}% 12
\BOOKMARK [2][-]{subsection.1.12}{BGSG}{section.1}% 13
\BOOKMARK [2][-]{subsection.1.13}{\376\377\201\352\220\002\136\224\000S\000i\000m\000p\000s\000o\000n}{section.1}% 14
\BOOKMARK [2][-]{subsection.1.14}{\376\377\123\142\123\141\145\257\133\232\164\006}{section.1}% 15
\BOOKMARK [2][-]{subsection.1.15}{\376\377\000B\000u\000r\000n\000s\000i\000d\000e\000\040\137\025\164\006}{section.1}% 16
\BOOKMARK [2][-]{subsection.1.16}{\376\377\000P\000\363\000l\000y\000a\000\040\133\232\164\006}{section.1}% 17
\BOOKMARK [2][-]{subsection.1.17}{\376\377\232\330\145\257\211\343\176\277\140\047\145\271\172\013}{section.1}% 18
\BOOKMARK [2][-]{subsection.1.18}{\376\377\176\277\140\047\126\336\137\122}{section.1}% 19
\BOOKMARK [2][-]{subsection.1.19}{\376\377\176\277\140\047\211\304\122\022}{section.1}% 20
\BOOKMARK [2][-]{subsection.1.20}{\376\377\133\236\145\160\176\277\140\047\211\304\122\022}{section.1}% 21
\BOOKMARK [2][-]{subsection.1.21}{\376\377\137\353\220\037\120\205\221\314\123\366\123\330\143\142}{section.1}% 22
\BOOKMARK [2][-]{subsection.1.22}{\376\377\137\353\220\037\145\160\213\272\123\330\143\142}{section.1}% 23
\BOOKMARK [2][-]{subsection.1.23}{\376\377\137\353\220\037\154\203\134\024\116\300\123\330\143\142}{section.1}% 24
\BOOKMARK [1][-]{section.2}{\376\377\122\250\140\001\211\304\122\022}{}% 25
\BOOKMARK [2][-]{subsection.2.1}{\376\377\145\234\163\207\117\030\123\026}{section.2}% 26
\BOOKMARK [2][-]{subsection.2.2}{\376\377\145\164\145\160\122\022\122\006}{section.2}% 27
\BOOKMARK [1][-]{section.3}{\376\377\145\160\143\156\176\323\147\204}{}% 28
\BOOKMARK [2][-]{subsection.3.1}{KD\040Tree}{section.3}% 29
\BOOKMARK [2][-]{subsection.3.2}{\376\377\000z\000k\000w\000\040\176\277\153\265\150\021}{section.3}% 30
\BOOKMARK [2][-]{subsection.3.3}{Splay}{section.3}% 31
\BOOKMARK [2][-]{subsection.3.4}{LCT}{section.3}% 32
\BOOKMARK [1][-]{section.4}{\376\377\133\127\173\046\116\062}{}% 33
\BOOKMARK [2][-]{subsection.4.1}{KMP}{section.4}% 34
\BOOKMARK [2][-]{subsection.4.2}{\376\377\142\323\134\125\000\040\000K\000M\000P}{section.4}% 35
\BOOKMARK [2][-]{subsection.4.3}{\376\377\000A\000C\000\040\201\352\122\250\147\072}{section.4}% 36
\BOOKMARK [2][-]{subsection.4.4}{\376\377\124\004\171\315\124\310\136\014}{section.4}% 37
\BOOKMARK [2][-]{subsection.4.5}{mancher}{section.4}% 38
\BOOKMARK [2][-]{subsection.4.6}{\376\377\126\336\145\207\150\021}{section.4}% 39
\BOOKMARK [2][-]{subsection.4.7}{\376\377\124\016\177\000\145\160\176\304\377\010\120\015\130\236\377\011}{section.4}% 40
\BOOKMARK [2][-]{subsection.4.8}{\376\377\124\016\177\000\145\160\176\304\377\010\000S\000A\000I\000S\377\011}{section.4}% 41
\BOOKMARK [2][-]{subsection.4.9}{\376\377\124\016\177\000\201\352\122\250\147\072}{section.4}% 42
\BOOKMARK [1][-]{section.5}{\376\377\126\376\213\272}{}% 43
\BOOKMARK [2][-]{subsection.5.1}{Tarjan}{section.5}% 44
\BOOKMARK [2][-]{subsection.5.2}{\376\377\000H\000o\000p\000c\000r\000o\000f\000t\000\040\173\227\154\325}{section.5}% 45
\BOOKMARK [2][-]{subsection.5.3}{\376\377\000K\000M\000\040\173\227\154\325}{section.5}% 46
\BOOKMARK [2][-]{subsection.5.4}{\376\377\116\000\202\054\126\376\147\000\131\047\123\071\221\115}{section.5}% 47
\BOOKMARK [2][-]{subsection.5.5}{SAP}{section.5}% 48
\BOOKMARK [2][-]{subsection.5.6}{dinic}{section.5}% 49
\BOOKMARK [2][-]{subsection.5.7}{\376\377\232\330\150\007\230\204\155\101\143\250\217\333}{section.5}% 50
\BOOKMARK [2][-]{subsection.5.8}{\376\377\147\000\134\017\215\071\165\050\155\101}{section.5}% 51
\BOOKMARK [2][-]{subsection.5.9}{\376\377\116\012\116\013\165\114\215\071\165\050\155\101}{section.5}% 52
\BOOKMARK [1][-]{section.6}{\376\377\213\241\173\227\121\340\117\125}{}% 53
\BOOKMARK [1][-]{section.7}{Java}{}% 54
\BOOKMARK [2][-]{subsection.7.1}{\376\377\217\333\122\066\217\154\143\142}{section.7}% 55
\BOOKMARK [2][-]{subsection.7.2}{\376\377\147\102\230\171}{section.7}% 56
\BOOKMARK [2][-]{subsection.7.3}{\376\377\000I\000/\000O\000\040\117\030\123\026}{section.7}% 57
\BOOKMARK [2][-]{subsection.7.4}{\376\377\117\030\123\026\000\040\000S\000T\000L\000\040\121\205\133\130\165\063\213\367}{section.7}% 58
\BOOKMARK [2][-]{subsection.7.5}{\376\377\000E\000m\000a\000c\000s\000\040\221\115\177\156}{section.7}% 59
\BOOKMARK [2][-]{subsection.7.6}{\376\377\000V\000i\000m\000\040\221\115\177\156}{section.7}% 60
\BOOKMARK [2][-]{subsection.7.7}{\376\377\133\371\142\315}{section.7}% 61
